2018-09-23 12:07:15,796 [Worker-0] INFO  c.g.t.t.d.PublishedGradleVersions - Gradle version information cache is out-of-date. Trying to update.
2018-09-23 13:24:18,132 [Worker-0] INFO  c.g.t.t.d.PublishedGradleVersions - Gradle version information cache is up-to-date. Trying to read.
2018-09-24 17:25:32,772 [Worker-5] INFO  c.g.t.t.d.PublishedGradleVersions - Gradle version information cache is out-of-date. Trying to update.
2018-09-26 17:51:31,870 [Worker-83] ERROR o.e.r.s.GitSnippetRepository - Transport operation failed.
org.eclipse.jgit.api.errors.TransportException: http://git.eclipse.org/gitroot/recommenders/org.eclipse.recommenders.snipmatch.snippets.git: cannot open git-upload-pack
	at org.eclipse.jgit.api.FetchCommand.call(FetchCommand.java:250) ~[org.eclipse.jgit_4.9.2.201712150930-r.jar:4.9.2.201712150930-r]
	at org.eclipse.recommenders.snipmatch.GitSnippetRepository.fetch(GitSnippetRepository.java:198) ~[org.eclipse.recommenders.snipmatch_2.5.0.v20171201-1623.jar:na]
	at org.eclipse.recommenders.snipmatch.GitSnippetRepository.open(GitSnippetRepository.java:91) ~[org.eclipse.recommenders.snipmatch_2.5.0.v20171201-1623.jar:na]
	at org.eclipse.recommenders.internal.snipmatch.rcp.EclipseGitSnippetRepository$2.run(EclipseGitSnippetRepository.java:165) [org.eclipse.recommenders.snipmatch.rcp_2.5.0.v20171201-1623.jar:na]
	at org.eclipse.core.internal.jobs.Worker.run(Worker.java:56) [org.eclipse.core.jobs_3.9.2.v20171030-1027.jar:na]
Caused by: org.eclipse.jgit.errors.TransportException: http://git.eclipse.org/gitroot/recommenders/org.eclipse.recommenders.snipmatch.snippets.git: cannot open git-upload-pack
	at org.eclipse.jgit.transport.TransportHttp.connect(TransportHttp.java:586) ~[org.eclipse.jgit_4.9.2.201712150930-r.jar:4.9.2.201712150930-r]
	at org.eclipse.jgit.transport.TransportHttp.openFetch(TransportHttp.java:341) ~[org.eclipse.jgit_4.9.2.201712150930-r.jar:4.9.2.201712150930-r]
	at org.eclipse.jgit.transport.FetchProcess.executeImp(FetchProcess.java:137) ~[org.eclipse.jgit_4.9.2.201712150930-r.jar:4.9.2.201712150930-r]
	at org.eclipse.jgit.transport.FetchProcess.execute(FetchProcess.java:123) ~[org.eclipse.jgit_4.9.2.201712150930-r.jar:4.9.2.201712150930-r]
	at org.eclipse.jgit.transport.Transport.fetch(Transport.java:1236) ~[org.eclipse.jgit_4.9.2.201712150930-r.jar:4.9.2.201712150930-r]
	at org.eclipse.jgit.api.FetchCommand.call(FetchCommand.java:239) ~[org.eclipse.jgit_4.9.2.201712150930-r.jar:4.9.2.201712150930-r]
	... 4 common frames omitted
Caused by: java.net.UnknownHostException: git.eclipse.org
	at java.net.AbstractPlainSocketImpl.connect(Unknown Source) ~[na:1.8.0_181]
	at java.net.PlainSocketImpl.connect(Unknown Source) ~[na:1.8.0_181]
	at java.net.SocksSocketImpl.connect(Unknown Source) ~[na:1.8.0_181]
	at java.net.Socket.connect(Unknown Source) ~[na:1.8.0_181]
	at sun.net.NetworkClient.doConnect(Unknown Source) ~[na:1.8.0_181]
	at sun.net.www.http.HttpClient.openServer(Unknown Source) ~[na:1.8.0_181]
	at sun.net.www.http.HttpClient.openServer(Unknown Source) ~[na:1.8.0_181]
	at sun.net.www.http.HttpClient.<init>(Unknown Source) ~[na:1.8.0_181]
	at sun.net.www.http.HttpClient.New(Unknown Source) ~[na:1.8.0_181]
	at sun.net.www.http.HttpClient.New(Unknown Source) ~[na:1.8.0_181]
	at sun.net.www.protocol.http.HttpURLConnection.getNewHttpClient(Unknown Source) ~[na:1.8.0_181]
	at sun.net.www.protocol.http.HttpURLConnection.plainConnect0(Unknown Source) ~[na:1.8.0_181]
	at sun.net.www.protocol.http.HttpURLConnection.plainConnect(Unknown Source) ~[na:1.8.0_181]
	at sun.net.www.protocol.http.HttpURLConnection.connect(Unknown Source) ~[na:1.8.0_181]
	at sun.net.www.protocol.http.HttpURLConnection.getInputStream0(Unknown Source) ~[na:1.8.0_181]
	at sun.net.www.protocol.http.HttpURLConnection.getInputStream(Unknown Source) ~[na:1.8.0_181]
	at java.net.HttpURLConnection.getResponseCode(Unknown Source) ~[na:1.8.0_181]
	at org.eclipse.jgit.transport.http.JDKHttpConnection.getResponseCode(JDKHttpConnection.java:99) ~[org.eclipse.jgit_4.9.2.201712150930-r.jar:4.9.2.201712150930-r]
	at org.eclipse.jgit.util.HttpSupport.response(HttpSupport.java:202) ~[org.eclipse.jgit_4.9.2.201712150930-r.jar:4.9.2.201712150930-r]
	at org.eclipse.jgit.transport.TransportHttp.connect(TransportHttp.java:500) ~[org.eclipse.jgit_4.9.2.201712150930-r.jar:4.9.2.201712150930-r]
	... 9 common frames omitted
2018-09-27 09:33:36,537 [Worker-5] INFO  c.g.t.t.d.PublishedGradleVersions - Gradle version information cache is out-of-date. Trying to update.
2018-09-27 09:33:47,662 [Worker-5] INFO  c.g.t.t.d.PublishedGradleVersions - Updating Gradle version information cache failed. Using outdated cache.
2018-10-09 21:01:03,595 [Worker-0] INFO  c.g.t.t.d.PublishedGradleVersions - Gradle version information cache is out-of-date. Trying to update.
2018-10-12 13:29:24,590 [Worker-1] INFO  c.g.t.t.d.PublishedGradleVersions - Gradle version information cache is out-of-date. Trying to update.
2018-10-15 09:21:46,602 [Worker-0] INFO  c.g.t.t.d.PublishedGradleVersions - Gradle version information cache is out-of-date. Trying to update.
2018-11-09 15:10:14,330 [Worker-0] INFO  c.g.t.t.d.PublishedGradleVersions - Gradle version information cache is up-to-date. Trying to read.
2018-11-12 13:13:25,500 [Worker-4] INFO  c.g.t.t.d.PublishedGradleVersions - Gradle version information cache is out-of-date. Trying to update.
2018-11-12 21:00:26,275 [Worker-1] INFO  c.g.t.t.d.PublishedGradleVersions - Gradle version information cache is up-to-date. Trying to read.
2018-11-13 10:47:09,841 [Worker-3] INFO  c.g.t.t.d.PublishedGradleVersions - Gradle version information cache is up-to-date. Trying to read.
2018-11-13 15:02:43,107 [Worker-0] INFO  c.g.t.t.d.PublishedGradleVersions - Gradle version information cache is out-of-date. Trying to update.
2018-11-15 12:22:41,316 [Worker-1] INFO  c.g.t.t.d.PublishedGradleVersions - Gradle version information cache is out-of-date. Trying to update.
2018-11-16 16:25:50,643 [Worker-3] INFO  c.g.t.t.d.PublishedGradleVersions - Gradle version information cache is out-of-date. Trying to update.
2018-11-16 16:44:19,271 [Worker-0] INFO  c.g.t.t.d.PublishedGradleVersions - Gradle version information cache is up-to-date. Trying to read.
2018-11-26 08:21:44,813 [Worker-1] INFO  c.g.t.t.d.PublishedGradleVersions - Gradle version information cache is out-of-date. Trying to update.
